<?xml version="1.0" encoding="UTF-8"?>
<testng-results skipped="0" failed="0" total="1" passed="1">
  <reporter-output>
  </reporter-output>
  <suite name="Suite" duration-ms="19038" started-at="2024-12-16T04:11:00Z" finished-at="2024-12-16T04:11:19Z">
    <groups>
    </groups>
    <test name="SignUp and login" duration-ms="19038" started-at="2024-12-16T04:11:00Z" finished-at="2024-12-16T04:11:19Z">
      <class name="test.TC003_SignUp">
        <test-method status="PASS" signature="reportInitialization()[pri:0, instance:test.TC003_SignUp@153f5a29]" name="reportInitialization" is-config="true" duration-ms="303" started-at="2024-12-16T09:41:00Z" finished-at="2024-12-16T09:41:00Z">
          <reporter-output>
          </reporter-output>
        </test-method> <!-- reportInitialization -->
        <test-method status="PASS" signature="setup()[pri:0, instance:test.TC003_SignUp@153f5a29]" name="setup" is-config="true" duration-ms="0" started-at="2024-12-16T09:41:00Z" finished-at="2024-12-16T09:41:00Z">
          <reporter-output>
          </reporter-output>
        </test-method> <!-- setup -->
        <test-method status="PASS" signature="testDetails()[pri:0, instance:test.TC003_SignUp@153f5a29]" name="testDetails" is-config="true" duration-ms="56" started-at="2024-12-16T09:41:00Z" finished-at="2024-12-16T09:41:00Z">
          <reporter-output>
          </reporter-output>
        </test-method> <!-- testDetails -->
        <test-method status="PASS" signature="launchAndLoadURL(java.lang.String, java.lang.String)[pri:0, instance:test.TC003_SignUp@153f5a29]" name="launchAndLoadURL" is-config="true" duration-ms="8336" started-at="2024-12-16T09:41:02Z" finished-at="2024-12-16T09:41:10Z">
          <params>
            <param index="0">
              <value>
                <![CDATA[incognito-Chrome]]>
              </value>
            </param>
            <param index="1">
              <value>
                <![CDATA[https://www.bestbuy.com/?intl=nosplash]]>
              </value>
            </param>
          </params>
          <reporter-output>
          </reporter-output>
        </test-method> <!-- launchAndLoadURL -->
        <test-method status="PASS" signature="signUpTest(java.lang.String, java.lang.String, java.lang.String, java.lang.String, java.lang.String, java.lang.String)[pri:0, instance:test.TC003_SignUp@153f5a29]" name="signUpTest" duration-ms="8485" started-at="2024-12-16T09:41:10Z" data-provider="readData" finished-at="2024-12-16T09:41:18Z">
          <params>
            <param index="0">
              <value>
                <![CDATA[test]]>
              </value>
            </param>
            <param index="1">
              <value>
                <![CDATA[example]]>
              </value>
            </param>
            <param index="2">
              <value>
                <![CDATA[TestExample@gmail.com]]>
              </value>
            </param>
            <param index="3">
              <value>
                <![CDATA[ExampleTest#98767]]>
              </value>
            </param>
            <param index="4">
              <value>
                <![CDATA[ExampleTest#98767]]>
              </value>
            </param>
            <param index="5">
              <value>
                <![CDATA[9489124745]]>
              </value>
            </param>
          </params>
          <reporter-output>
          </reporter-output>
        </test-method> <!-- signUpTest -->
        <test-method status="PASS" signature="closebrowser()[pri:0, instance:test.TC003_SignUp@153f5a29]" name="closebrowser" is-config="true" duration-ms="922" started-at="2024-12-16T09:41:18Z" finished-at="2024-12-16T09:41:19Z">
          <reporter-output>
          </reporter-output>
        </test-method> <!-- closebrowser -->
        <test-method status="PASS" signature="Close()[pri:0, instance:test.TC003_SignUp@153f5a29]" name="Close" is-config="true" duration-ms="535" started-at="2024-12-16T09:41:19Z" finished-at="2024-12-16T09:41:20Z">
          <reporter-output>
          </reporter-output>
        </test-method> <!-- Close -->
      </class> <!-- test.TC003_SignUp -->
    </test> <!-- SignUp and login -->
  </suite> <!-- Suite -->
</testng-results>
